Arguments: 
  C:\Program Files\nodejs\node.exe C:\Users\Administrator\AppData\Roaming\npm\node_modules\yarn\bin\yarn.js version

PATH: 
  C:\Users\Administrator\bin;D:\Git\Git\mingw64\bin;D:\Git\Git\usr\local\bin;D:\Git\Git\usr\bin;D:\Git\Git\usr\bin;D:\Git\Git\mingw64\bin;D:\Git\Git\usr\bin;C:\Users\Administrator\bin;C:\Windows\system32;C:\Windows;C:\Windows\System32\Wbem;C:\Windows\System32\WindowsPowerShell\v1.0;C:\Program Files\TortoiseSVN\bin;D:\phpStudy\php\php-7.0.12-nts;C:\Program Files\nodejs;C:\Atom;C:\Program Files\OpenVPN\bin;D:\Git\Git\cmd;C:\ProgramData\ComposerSetup\bin;C:\HashiCorp\Vagrant\bin;C:\Program Files (x86)\Git\cmd;C:\Users\Administrator\AppData\Roaming\npm;C:\Users\Administrator\AppData\Roaming\Composer\vendor\bin;C:\Program Files (x86)\Heroku\bin;D:\Git\Git\usr\bin\vendor_perl;D:\Git\Git\usr\bin\core_perl

Yarn version: 
  0.24.5

Node version: 
  6.10.1

Platform: 
  win32 x64

npm manifest: 
  {
    "private": true,
    "devDependencies": {
      "gulp": "^3.8.8"
    },
    "dependencies": {
      "laravel-elixir": "^4.0.0",
      "bootstrap-sass": "^3.0.0"
    }
  }

yarn manifest: 
  No manifest

Lockfile: 
  No lockfile

Trace: 
  Error: Can't answer a question unless a user TTY
      at ConsoleReporter.question (C:\Users\Administrator\AppData\Roaming\npm\node_modules\yarn\lib\reporters\console\console-reporter.js:216:29)
      at C:\Users\Administrator\AppData\Roaming\npm\node_modules\yarn\lib\cli\commands\version.js:60:35
      at next (native)
      at step (C:\Users\Administrator\AppData\Roaming\npm\node_modules\yarn\node_modules\babel-runtime\helpers\asyncToGenerator.js:17:30)
      at C:\Users\Administrator\AppData\Roaming\npm\node_modules\yarn\node_modules\babel-runtime\helpers\asyncToGenerator.js:28:13
